<?xml version="1.0" encoding="UTF-8"?>
<coverage generated="1654256892853" clover="3.2.0">
  <project timestamp="1654256892853" name="All files">
    <metrics statements="23" coveredstatements="11" conditionals="8" coveredconditionals="0" methods="6" coveredmethods="1" elements="37" coveredelements="12" complexity="0" loc="23" ncloc="23" packages="1" files="1" classes="1"/>
    <file name="RichTextEditor.tsx" path="/Users/jonathon.yamada/development/onboarding-app-blog/blog/app/javascript/bundles/components/editor/RichTextEditor.tsx">
      <metrics statements="23" coveredstatements="11" conditionals="8" coveredconditionals="0" methods="6" coveredmethods="1"/>
      <line num="8" count="1" type="stmt"/>
      <line num="22" count="1" type="stmt"/>
      <line num="23" count="1" type="stmt"/>
      <line num="24" count="1" type="stmt"/>
      <line num="25" count="1" type="stmt"/>
      <line num="27" count="1" type="stmt"/>
      <line num="28" count="0" type="stmt"/>
      <line num="29" count="0" type="cond" truecount="0" falsecount="2"/>
      <line num="30" count="0" type="stmt"/>
      <line num="31" count="0" type="cond" truecount="0" falsecount="2"/>
      <line num="32" count="0" type="stmt"/>
      <line num="35" count="0" type="stmt"/>
      <line num="38" count="1" type="stmt"/>
      <line num="40" count="1" type="stmt"/>
      <line num="41" count="0" type="stmt"/>
      <line num="44" count="1" type="stmt"/>
      <line num="45" count="0" type="stmt"/>
      <line num="46" count="0" type="stmt"/>
      <line num="53" count="1" type="stmt"/>
      <line num="63" count="0" type="cond" truecount="0" falsecount="2"/>
      <line num="64" count="0" type="stmt"/>
      <line num="65" count="0" type="stmt"/>
      <line num="71" count="1" type="stmt"/>
    </file>
  </project>
</coverage>
