{"/Users/jonathon.yamada/development/onboarding-app-blog/blog/app/javascript/bundles/components/editor/RichTextEditor.tsx": {"path":"/Users/jonathon.yamada/development/onboarding-app-blog/blog/app/javascript/bundles/components/editor/RichTextEditor.tsx","statementMap":{"0":{"start":{"line":8,"column":21},"end":{"line":13,"column":1}},"1":{"start":{"line":22,"column":23},"end":{"line":69,"column":1}},"2":{"start":{"line":23,"column":40},"end":{"line":23,"column":75}},"3":{"start":{"line":24,"column":30},"end":{"line":24,"column":69}},"4":{"start":{"line":25,"column":44},"end":{"line":25,"column":59}},"5":{"start":{"line":27,"column":2},"end":{"line":36,"column":19}},"6":{"start":{"line":28,"column":17},"end":{"line":28,"column":54}},"7":{"start":{"line":29,"column":4},"end":{"line":34,"column":5}},"8":{"start":{"line":30,"column":6},"end":{"line":33,"column":8}},"9":{"start":{"line":31,"column":8},"end":{"line":31,"column":37}},"10":{"start":{"line":31,"column":27},"end":{"line":31,"column":37}},"11":{"start":{"line":32,"column":8},"end":{"line":32,"column":30}},"12":{"start":{"line":35,"column":4},"end":{"line":35,"column":19}},"13":{"start":{"line":38,"column":22},"end":{"line":38,"column":66}},"14":{"start":{"line":40,"column":33},"end":{"line":42,"column":3}},"15":{"start":{"line":41,"column":4},"end":{"line":41,"column":89}},"16":{"start":{"line":44,"column":19},"end":{"line":51,"column":3}},"17":{"start":{"line":45,"column":20},"end":{"line":45,"column":76}},"18":{"start":{"line":46,"column":4},"end":{"line":50,"column":6}},"19":{"start":{"line":53,"column":2},"end":{"line":68,"column":3}},"20":{"start":{"line":63,"column":8},"end":{"line":63,"column":37}},"21":{"start":{"line":63,"column":27},"end":{"line":63,"column":37}},"22":{"start":{"line":64,"column":8},"end":{"line":64,"column":35}},"23":{"start":{"line":65,"column":8},"end":{"line":65,"column":29}},"24":{"start":{"line":71,"column":0},"end":{"line":71,"column":42}}},"fnMap":{"0":{"name":"(anonymous_0)","decl":{"start":{"line":22,"column":23},"end":{"line":22,"column":24}},"loc":{"start":{"line":22,"column":117},"end":{"line":69,"column":1}},"line":22},"1":{"name":"(anonymous_1)","decl":{"start":{"line":27,"column":12},"end":{"line":27,"column":13}},"loc":{"start":{"line":27,"column":18},"end":{"line":36,"column":3}},"line":27},"2":{"name":"(anonymous_2)","decl":{"start":{"line":30,"column":41},"end":{"line":30,"column":42}},"loc":{"start":{"line":30,"column":47},"end":{"line":33,"column":7}},"line":30},"3":{"name":"(anonymous_3)","decl":{"start":{"line":40,"column":33},"end":{"line":40,"column":34}},"loc":{"start":{"line":40,"column":51},"end":{"line":42,"column":3}},"line":40},"4":{"name":"(anonymous_4)","decl":{"start":{"line":44,"column":19},"end":{"line":44,"column":20}},"loc":{"start":{"line":44,"column":25},"end":{"line":51,"column":3}},"line":44},"5":{"name":"(anonymous_5)","decl":{"start":{"line":62,"column":27},"end":{"line":62,"column":28}},"loc":{"start":{"line":62,"column":42},"end":{"line":66,"column":7}},"line":62}},"branchMap":{"0":{"loc":{"start":{"line":29,"column":4},"end":{"line":34,"column":5}},"type":"if","locations":[{"start":{"line":29,"column":4},"end":{"line":34,"column":5}},{"start":{},"end":{}}],"line":29},"1":{"loc":{"start":{"line":31,"column":8},"end":{"line":31,"column":37}},"type":"if","locations":[{"start":{"line":31,"column":8},"end":{"line":31,"column":37}},{"start":{},"end":{}}],"line":31},"2":{"loc":{"start":{"line":49,"column":15},"end":{"line":49,"column":70}},"type":"cond-expr","locations":[{"start":{"line":49,"column":25},"end":{"line":49,"column":65}},{"start":{"line":49,"column":68},"end":{"line":49,"column":70}}],"line":49},"3":{"loc":{"start":{"line":63,"column":8},"end":{"line":63,"column":37}},"type":"if","locations":[{"start":{"line":63,"column":8},"end":{"line":63,"column":37}},{"start":{},"end":{}}],"line":63}},"s":{"0":1,"1":1,"2":1,"3":1,"4":1,"5":1,"6":0,"7":0,"8":0,"9":0,"10":0,"11":0,"12":0,"13":1,"14":1,"15":0,"16":1,"17":0,"18":0,"19":1,"20":0,"21":0,"22":0,"23":0,"24":1},"f":{"0":1,"1":0,"2":0,"3":0,"4":0,"5":0},"b":{"0":[0,0],"1":[0,0],"2":[0,0],"3":[0,0]},"_coverageSchema":"1a1c01bbd47fc00a2c39e90264f33305004495a9","hash":"1d36921f2a2b58de48d4e46abbf745ff13473bba"}
}
